0 info it worked if it ends with ok
1 verbose cli [ 'C:\\Program Files\\nodejs\\node.exe',
1 verbose cli   'C:\\Program Files\\nodejs\\node_modules\\npm\\bin\\npm-cli.js',
1 verbose cli   'start' ]
2 info using npm@3.9.6
3 info using node@v6.1.0
4 verbose run-script [ 'prestart', 'start', 'poststart' ]
5 info lifecycle SocialBilecikServer@0.0.0~prestart: SocialBilecikServer@0.0.0
6 silly lifecycle SocialBilecikServer@0.0.0~prestart: no script for prestart, continuing
7 info lifecycle SocialBilecikServer@0.0.0~start: SocialBilecikServer@0.0.0
8 verbose lifecycle SocialBilecikServer@0.0.0~start: unsafe-perm in lifecycle true
9 verbose lifecycle SocialBilecikServer@0.0.0~start: PATH: C:\Users\Efecan\AppData\Roaming\nvm\v6.1.0\node_modules\npm\bin\node-gyp-bin;C:\Users\Efecan\BilecikServer\SocialBilecikServer\node_modules\.bin;C:\Program Files\nodejs;C:\Program Files (x86)\NVIDIA Corporation\PhysX\Common;C:\ProgramData\Oracle\Java\javapath;C:\WINDOWS\system32;C:\WINDOWS;C:\WINDOWS\System32\Wbem;C:\WINDOWS\System32\WindowsPowerShell\v1.0\;C:\Program Files\Microsoft SQL Server\110\Tools\Binn\;C:\Program Files\MiKTeX 2.9\miktex\bin\x64\;C:\Program Files (x86)\Windows Live\Shared;C:\Program Files (x86)\Java\jdk1.7.0_67\bin;c:\Program Files (x86)\Microsoft SQL Server\100\Tools\Binn\;c:\Program Files\Microsoft SQL Server\100\Tools\Binn\;c:\Program Files\Microsoft SQL Server\100\DTS\Binn\;C:\Program Files (x86)\Microsoft SDKs\TypeScript\1.0\;C:\Program Files\Microsoft SQL Server\Client SDK\ODBC\110\Tools\Binn\;C:\Program Files (x86)\Microsoft SQL Server\120\Tools\Binn\;C:\Program Files\Microsoft SQL Server\120\Tools\Binn\;C:\Program Files\Microsoft SQL Server\120\DTS\Binn\;C:\Program Files (x86)\Microsoft SQL Server\120\Tools\Binn\ManagementStudio\;C:\Program Files (x86)\Microsoft SQL Server\120\DTS\Binn\;C:\Program Files\Microsoft\Web Platform Installer\;C:\Program Files (x86)\Skype\Phone\;C:\Program Files (x86)\Intel\OpenCL SDK\2.0\bin\x86;C:\Program Files (x86)\Intel\OpenCL SDK\2.0\bin\x64;C:\Program Files (x86)\GtkSharp\2.12\bin;C:\Opencv\build\x64\vc12\bin;C:\Program Files\Microsoft SQL Server\130\Tools\Binn\;C:\Program Files (x86)\Windows Kits\10\Windows Performance Toolkit\;C:\Program Files\Git\cmd;C:\Users\Efecan\AppData\Roaming\nvm;C:\Program Files\nodejs;C:\Modelsim\win32pe;C:\Users\Efecan\AppData\Roaming\npm;C:\opencv\build\x64\vc14;C:\Users\Efecan\AppData\Roaming\nvm;C:\Program Files\nodejs;C:\Users\Efecan\AppData\Local\atom\bin
10 verbose lifecycle SocialBilecikServer@0.0.0~start: CWD: C:\Users\Efecan\BilecikServer\SocialBilecikServer
11 silly lifecycle SocialBilecikServer@0.0.0~start: Args: [ '/d /s /c', 'node ./bin/www' ]
12 silly lifecycle SocialBilecikServer@0.0.0~start: Returned: code: 1  signal: null
13 info lifecycle SocialBilecikServer@0.0.0~start: Failed to exec start script
14 verbose stack Error: SocialBilecikServer@0.0.0 start: `node ./bin/www`
14 verbose stack Exit status 1
14 verbose stack     at EventEmitter.<anonymous> (C:\Users\Efecan\AppData\Roaming\nvm\v6.1.0\node_modules\npm\lib\utils\lifecycle.js:245:16)
14 verbose stack     at emitTwo (events.js:106:13)
14 verbose stack     at EventEmitter.emit (events.js:191:7)
14 verbose stack     at ChildProcess.<anonymous> (C:\Users\Efecan\AppData\Roaming\nvm\v6.1.0\node_modules\npm\lib\utils\spawn.js:24:14)
14 verbose stack     at emitTwo (events.js:106:13)
14 verbose stack     at ChildProcess.emit (events.js:191:7)
14 verbose stack     at maybeClose (internal/child_process.js:850:16)
14 verbose stack     at Process.ChildProcess._handle.onexit (internal/child_process.js:215:5)
15 verbose pkgid SocialBilecikServer@0.0.0
16 verbose cwd C:\Users\Efecan\BilecikServer\SocialBilecikServer
17 error Windows_NT 6.3.9600
18 error argv "C:\\Program Files\\nodejs\\node.exe" "C:\\Program Files\\nodejs\\node_modules\\npm\\bin\\npm-cli.js" "start"
19 error node v6.1.0
20 error npm  v3.9.6
21 error code ELIFECYCLE
22 error SocialBilecikServer@0.0.0 start: `node ./bin/www`
22 error Exit status 1
23 error Failed at the SocialBilecikServer@0.0.0 start script 'node ./bin/www'.
23 error Make sure you have the latest version of node.js and npm installed.
23 error If you do, this is most likely a problem with the SocialBilecikServer package,
23 error not with npm itself.
23 error Tell the author that this fails on your system:
23 error     node ./bin/www
23 error You can get information on how to open an issue for this project with:
23 error     npm bugs SocialBilecikServer
23 error Or if that isn't available, you can get their info via:
23 error     npm owner ls SocialBilecikServer
23 error There is likely additional logging output above.
24 verbose exit [ 1, true ]
